Command line:
   MINUTE_UNIT_isim_beh.exe
     -simmode  gui
     -simrunnum  0
     -socket  60879

Sun May 08 15:41:51 2022


 Elaboration Time: 0.015625 sec

 Current Memory Usage: 5150.36 Meg

 Total Signals          : 5
 Total Nets             : 11
 Total Signal Drivers   : 2
 Total Blocks           : 4
 Total Primitive Blocks : 4
 Total Processes        : 1
 Total Traceable Variables  : 10
 Total Scalar Nets and Variables : 389
Total Line Count : 7

 Total Simulation Time: 0.046875 sec

 Current Memory Usage: 4678.5 Meg

Sun May 08 15:45:52 2022

